2014/07/19 03:13:31 [error] [php] Undefined index: user (E:\web\BookShareYii\protected\controllers\UserController.php:124)
Stack trace:
#0 E:\web\framework\web\filters\CFilterChain.php(133): UserController->runAction()
#1 E:\web\framework\web\filters\CFilter.php(40): CFilterChain->run()
#2 E:\web\framework\web\CController.php(1145): CAccessControlFilter->filter()
#3 E:\web\framework\web\filters\CInlineFilter.php(58): UserController->filterAccessControl()
#4 E:\web\framework\web\filters\CFilterChain.php(130): CInlineFilter->filter()
#5 E:\web\framework\web\CController.php(291): CFilterChain->run()
#6 E:\web\framework\web\CController.php(265): UserController->runActionWithFilters()
#7 E:\web\framework\web\CWebApplication.php(282): UserController->run()
#8 E:\web\framework\web\CWebApplication.php(141): CWebApplication->runController()
#9 E:\web\framework\base\CApplication.php(180): CWebApplication->processRequest()
#10 E:\web\BookShareYii\index.php(13): CWebApplication->run()
REQUEST_URI=/BookShareYii/index.php?r=user/create
in E:\web\BookShareYii\protected\controllers\UserController.php (124)
in E:\web\BookShareYii\index.php (13)
2014/07/19 03:15:34 [error] [php] Undefined index: user (E:\web\BookShareYii\protected\controllers\UserController.php:124)
Stack trace:
#0 E:\web\framework\web\filters\CFilterChain.php(133): UserController->runAction()
#1 E:\web\framework\web\filters\CFilter.php(40): CFilterChain->run()
#2 E:\web\framework\web\CController.php(1145): CAccessControlFilter->filter()
#3 E:\web\framework\web\filters\CInlineFilter.php(58): UserController->filterAccessControl()
#4 E:\web\framework\web\filters\CFilterChain.php(130): CInlineFilter->filter()
#5 E:\web\framework\web\CController.php(291): CFilterChain->run()
#6 E:\web\framework\web\CController.php(265): UserController->runActionWithFilters()
#7 E:\web\framework\web\CWebApplication.php(282): UserController->run()
#8 E:\web\framework\web\CWebApplication.php(141): CWebApplication->runController()
#9 E:\web\framework\base\CApplication.php(180): CWebApplication->processRequest()
#10 E:\web\BookShareYii\index.php(13): CWebApplication->run()
REQUEST_URI=/BookShareYii/index.php?r=user/create
in E:\web\BookShareYii\protected\controllers\UserController.php (124)
in E:\web\BookShareYii\index.php (13)
2014/07/19 03:18:28 [error] [php] Undefined index: user (E:\web\BookShareYii\protected\controllers\UserController.php:135)
Stack trace:
#0 E:\web\framework\web\filters\CFilterChain.php(133): UserController->runAction()
#1 E:\web\framework\web\filters\CFilter.php(40): CFilterChain->run()
#2 E:\web\framework\web\CController.php(1145): CAccessControlFilter->filter()
#3 E:\web\framework\web\filters\CInlineFilter.php(58): UserController->filterAccessControl()
#4 E:\web\framework\web\filters\CFilterChain.php(130): CInlineFilter->filter()
#5 E:\web\framework\web\CController.php(291): CFilterChain->run()
#6 E:\web\framework\web\CController.php(265): UserController->runActionWithFilters()
#7 E:\web\framework\web\CWebApplication.php(282): UserController->run()
#8 E:\web\framework\web\CWebApplication.php(141): CWebApplication->runController()
#9 E:\web\framework\base\CApplication.php(180): CWebApplication->processRequest()
#10 E:\web\BookShareYii\index.php(13): CWebApplication->run()
REQUEST_URI=/BookShareYii/index.php?r=user/create
in E:\web\BookShareYii\protected\controllers\UserController.php (135)
in E:\web\BookShareYii\index.php (13)
2014/07/19 03:28:33 [error] [exception.CHttpException.404] exception 'CHttpException' with message 'Unable to resolve the request "api/list".' in E:\web\framework\web\CWebApplication.php:286
Stack trace:
#0 E:\web\framework\web\CWebApplication.php(141): CWebApplication->runController('api/list')
#1 E:\web\framework\base\CApplication.php(180): CWebApplication->processRequest()
#2 E:\web\BookShareYii\index.php(13): CApplication->run()
#3 {main}
REQUEST_URI=/BookShareYii/index.php/api/user
---
2014/07/19 03:28:45 [error] [exception.CHttpException.404] exception 'CHttpException' with message 'Unable to resolve the request "api/user/create".' in E:\web\framework\web\CWebApplication.php:286
Stack trace:
#0 E:\web\framework\web\CWebApplication.php(141): CWebApplication->runController('api/user/create')
#1 E:\web\framework\base\CApplication.php(180): CWebApplication->processRequest()
#2 E:\web\BookShareYii\index.php(13): CApplication->run()
#3 {main}
REQUEST_URI=/BookShareYii/index.php/api/user/create
---
2014/07/19 03:30:31 [error] [php] Undefined index: user (E:\web\BookShareYii\protected\controllers\UserController.php:124)
Stack trace:
#0 E:\web\framework\web\filters\CFilterChain.php(133): UserController->runAction()
#1 E:\web\framework\web\filters\CFilter.php(40): CFilterChain->run()
#2 E:\web\framework\web\CController.php(1145): CAccessControlFilter->filter()
#3 E:\web\framework\web\filters\CInlineFilter.php(58): UserController->filterAccessControl()
#4 E:\web\framework\web\filters\CFilterChain.php(130): CInlineFilter->filter()
#5 E:\web\framework\web\CController.php(291): CFilterChain->run()
#6 E:\web\framework\web\CController.php(265): UserController->runActionWithFilters()
#7 E:\web\framework\web\CWebApplication.php(282): UserController->run()
#8 E:\web\framework\web\CWebApplication.php(141): CWebApplication->runController()
#9 E:\web\framework\base\CApplication.php(180): CWebApplication->processRequest()
#10 E:\web\BookShareYii\index.php(13): CWebApplication->run()
REQUEST_URI=/BookShareYii/index.php/user/create
in E:\web\BookShareYii\protected\controllers\UserController.php (124)
in E:\web\BookShareYii\index.php (13)
2014/07/19 03:31:02 [error] [exception.CHttpException.403] exception 'CHttpException' with message 'You are not authorized to perform this action.' in E:\web\framework\web\auth\CAccessControlFilter.php:182
Stack trace:
#0 E:\web\framework\web\auth\CAccessControlFilter.php(145): CAccessControlFilter->accessDenied(Object(CWebUser), 'You are not aut...')
#1 E:\web\framework\web\filters\CFilter.php(38): CAccessControlFilter->preFilter(Object(CFilterChain))
#2 E:\web\framework\web\CController.php(1145): CFilter->filter(Object(CFilterChain))
#3 E:\web\framework\web\filters\CInlineFilter.php(58): CController->filterAccessControl(Object(CFilterChain))
#4 E:\web\framework\web\filters\CFilterChain.php(130): CInlineFilter->filter(Object(CFilterChain))
#5 E:\web\framework\web\CController.php(291): CFilterChain->run()
#6 E:\web\framework\web\CController.php(265): CController->runActionWithFilters(Object(CInlineAction), Array)
#7 E:\web\framework\web\CWebApplication.php(282): CController->run('list')
#8 E:\web\framework\web\CWebApplication.php(141): CWebApplication->runController('user/list')
#9 E:\web\framework\base\CApplication.php(180): CWebApplication->processRequest()
#10 E:\web\BookShareYii\index.php(13): CApplication->run()
#11 {main}
REQUEST_URI=/BookShareYii/index.php/user/list
---
2014/07/19 03:31:47 [error] [php] Undefined index: user (E:\web\BookShareYii\protected\controllers\UserController.php:124)
Stack trace:
#0 E:\web\framework\web\filters\CFilterChain.php(133): UserController->runAction()
#1 E:\web\framework\web\filters\CFilter.php(40): CFilterChain->run()
#2 E:\web\framework\web\CController.php(1145): CAccessControlFilter->filter()
#3 E:\web\framework\web\filters\CInlineFilter.php(58): UserController->filterAccessControl()
#4 E:\web\framework\web\filters\CFilterChain.php(130): CInlineFilter->filter()
#5 E:\web\framework\web\CController.php(291): CFilterChain->run()
#6 E:\web\framework\web\CController.php(265): UserController->runActionWithFilters()
#7 E:\web\framework\web\CWebApplication.php(282): UserController->run()
#8 E:\web\framework\web\CWebApplication.php(141): CWebApplication->runController()
#9 E:\web\framework\base\CApplication.php(180): CWebApplication->processRequest()
#10 E:\web\BookShareYii\index.php(13): CWebApplication->run()
REQUEST_URI=/BookShareYii/index.php/user/create
in E:\web\BookShareYii\protected\controllers\UserController.php (124)
in E:\web\BookShareYii\index.php (13)
2014/07/19 03:32:06 [error] [php] Undefined index: user (E:\web\BookShareYii\protected\controllers\UserController.php:124)
Stack trace:
#0 E:\web\framework\web\filters\CFilterChain.php(133): UserController->runAction()
#1 E:\web\framework\web\filters\CFilter.php(40): CFilterChain->run()
#2 E:\web\framework\web\CController.php(1145): CAccessControlFilter->filter()
#3 E:\web\framework\web\filters\CInlineFilter.php(58): UserController->filterAccessControl()
#4 E:\web\framework\web\filters\CFilterChain.php(130): CInlineFilter->filter()
#5 E:\web\framework\web\CController.php(291): CFilterChain->run()
#6 E:\web\framework\web\CController.php(265): UserController->runActionWithFilters()
#7 E:\web\framework\web\CWebApplication.php(282): UserController->run()
#8 E:\web\framework\web\CWebApplication.php(141): CWebApplication->runController()
#9 E:\web\framework\base\CApplication.php(180): CWebApplication->processRequest()
#10 E:\web\BookShareYii\index.php(13): CWebApplication->run()
REQUEST_URI=/BookShareYii/index.php/user/create?abc
in E:\web\BookShareYii\protected\controllers\UserController.php (124)
in E:\web\BookShareYii\index.php (13)
2014/07/19 03:33:11 [error] [exception.CHttpException.403] exception 'CHttpException' with message 'You are not authorized to perform this action.' in E:\web\framework\web\auth\CAccessControlFilter.php:182
Stack trace:
#0 E:\web\framework\web\auth\CAccessControlFilter.php(145): CAccessControlFilter->accessDenied(Object(CWebUser), 'You are not aut...')
#1 E:\web\framework\web\filters\CFilter.php(38): CAccessControlFilter->preFilter(Object(CFilterChain))
#2 E:\web\framework\web\CController.php(1145): CFilter->filter(Object(CFilterChain))
#3 E:\web\framework\web\filters\CInlineFilter.php(58): CController->filterAccessControl(Object(CFilterChain))
#4 E:\web\framework\web\filters\CFilterChain.php(130): CInlineFilter->filter(Object(CFilterChain))
#5 E:\web\framework\web\CController.php(291): CFilterChain->run()
#6 E:\web\framework\web\CController.php(265): CController->runActionWithFilters(Object(CInlineAction), Array)
#7 E:\web\framework\web\CWebApplication.php(282): CController->run('list')
#8 E:\web\framework\web\CWebApplication.php(141): CWebApplication->runController('user/list')
#9 E:\web\framework\base\CApplication.php(180): CWebApplication->processRequest()
#10 E:\web\BookShareYii\index.php(13): CApplication->run()
#11 {main}
REQUEST_URI=/BookShareYii/index.php/user/list
---
2014/07/19 03:38:04 [error] [php] Undefined index: user (E:\web\BookShareYii\protected\controllers\UserController.php:68)
Stack trace:
#0 E:\web\framework\web\filters\CFilterChain.php(133): UserController->runAction()
#1 E:\web\framework\web\filters\CFilter.php(40): CFilterChain->run()
#2 E:\web\framework\web\CController.php(1145): CAccessControlFilter->filter()
#3 E:\web\framework\web\filters\CInlineFilter.php(58): UserController->filterAccessControl()
#4 E:\web\framework\web\filters\CFilterChain.php(130): CInlineFilter->filter()
#5 E:\web\framework\web\CController.php(291): CFilterChain->run()
#6 E:\web\framework\web\CController.php(265): UserController->runActionWithFilters()
#7 E:\web\framework\web\CWebApplication.php(282): UserController->run()
#8 E:\web\framework\web\CWebApplication.php(141): CWebApplication->runController()
#9 E:\web\framework\base\CApplication.php(180): CWebApplication->processRequest()
#10 E:\web\BookShareYii\index.php(13): CWebApplication->run()
REQUEST_URI=/BookShareYii/index.php/user/list
in E:\web\BookShareYii\protected\controllers\UserController.php (68)
in E:\web\BookShareYii\index.php (13)
2014/07/19 03:38:47 [error] [php] Undefined index: users (E:\web\BookShareYii\protected\controllers\UserController.php:68)
Stack trace:
#0 E:\web\framework\web\filters\CFilterChain.php(133): UserController->runAction()
#1 E:\web\framework\web\filters\CFilter.php(40): CFilterChain->run()
#2 E:\web\framework\web\CController.php(1145): CAccessControlFilter->filter()
#3 E:\web\framework\web\filters\CInlineFilter.php(58): UserController->filterAccessControl()
#4 E:\web\framework\web\filters\CFilterChain.php(130): CInlineFilter->filter()
#5 E:\web\framework\web\CController.php(291): CFilterChain->run()
#6 E:\web\framework\web\CController.php(265): UserController->runActionWithFilters()
#7 E:\web\framework\web\CWebApplication.php(282): UserController->run()
#8 E:\web\framework\web\CWebApplication.php(141): CWebApplication->runController()
#9 E:\web\framework\base\CApplication.php(180): CWebApplication->processRequest()
#10 E:\web\BookShareYii\index.php(13): CWebApplication->run()
REQUEST_URI=/BookShareYii/index.php/user/list
in E:\web\BookShareYii\protected\controllers\UserController.php (68)
in E:\web\BookShareYii\index.php (13)
2014/07/19 03:40:15 [error] [php] Undefined index: user (E:\web\BookShareYii\protected\controllers\UserController.php:68)
Stack trace:
#0 E:\web\framework\web\filters\CFilterChain.php(133): UserController->runAction()
#1 E:\web\framework\web\filters\CFilter.php(40): CFilterChain->run()
#2 E:\web\framework\web\CController.php(1145): CAccessControlFilter->filter()
#3 E:\web\framework\web\filters\CInlineFilter.php(58): UserController->filterAccessControl()
#4 E:\web\framework\web\filters\CFilterChain.php(130): CInlineFilter->filter()
#5 E:\web\framework\web\CController.php(291): CFilterChain->run()
#6 E:\web\framework\web\CController.php(265): UserController->runActionWithFilters()
#7 E:\web\framework\web\CWebApplication.php(282): UserController->run()
#8 E:\web\framework\web\CWebApplication.php(141): CWebApplication->runController()
#9 E:\web\framework\base\CApplication.php(180): CWebApplication->processRequest()
#10 E:\web\BookShareYii\index.php(13): CWebApplication->run()
REQUEST_URI=/BookShareYii/index.php/user/list
in E:\web\BookShareYii\protected\controllers\UserController.php (68)
in E:\web\BookShareYii\index.php (13)
2014/07/19 03:59:51 [error] [php] Undefined index: user (E:\web\BookShareYii\protected\controllers\UserController.php:116)
Stack trace:
#0 E:\web\framework\web\filters\CFilterChain.php(133): UserController->runAction()
#1 E:\web\framework\web\filters\CFilter.php(40): CFilterChain->run()
#2 E:\web\framework\web\CController.php(1145): CAccessControlFilter->filter()
#3 E:\web\framework\web\filters\CInlineFilter.php(58): UserController->filterAccessControl()
#4 E:\web\framework\web\filters\CFilterChain.php(130): CInlineFilter->filter()
#5 E:\web\framework\web\CController.php(291): CFilterChain->run()
#6 E:\web\framework\web\CController.php(265): UserController->runActionWithFilters()
#7 E:\web\framework\web\CWebApplication.php(282): UserController->run()
#8 E:\web\framework\web\CWebApplication.php(141): CWebApplication->runController()
#9 E:\web\framework\base\CApplication.php(180): CWebApplication->processRequest()
#10 E:\web\BookShareYii\index.php(13): CWebApplication->run()
REQUEST_URI=/BookShareYii/index.php/user/create
in E:\web\BookShareYii\protected\controllers\UserController.php (116)
in E:\web\BookShareYii\index.php (13)
2014/07/19 04:18:08 [error] [exception.CHttpException.404] exception 'CHttpException' with message 'Unable to resolve the request "view".' in E:\web\framework\web\CWebApplication.php:286
Stack trace:
#0 E:\web\framework\web\CWebApplication.php(141): CWebApplication->runController('view')
#1 E:\web\framework\base\CApplication.php(180): CWebApplication->processRequest()
#2 E:\web\BookShareYii\index.php(13): CApplication->run()
#3 {main}
REQUEST_URI=/BookShareYii/index.php/user/1
---
2014/07/19 04:18:28 [error] [exception.CHttpException.404] exception 'CHttpException' with message 'The system is unable to find the requested action "hoogle".' in E:\web\framework\web\CController.php:483
Stack trace:
#0 E:\web\framework\web\CController.php(270): CController->missingAction('hoogle')
#1 E:\web\framework\web\CWebApplication.php(282): CController->run('hoogle')
#2 E:\web\framework\web\CWebApplication.php(141): CWebApplication->runController('user/hoogle')
#3 E:\web\framework\base\CApplication.php(180): CWebApplication->processRequest()
#4 E:\web\BookShareYii\index.php(13): CApplication->run()
#5 {main}
REQUEST_URI=/BookShareYii/index.php/user/hoogle
---
2014/07/19 04:19:01 [error] [exception.CHttpException.404] exception 'CHttpException' with message 'The system is unable to find the requested action "hoogle".' in E:\web\framework\web\CController.php:483
Stack trace:
#0 E:\web\framework\web\CController.php(270): CController->missingAction('hoogle')
#1 E:\web\framework\web\CWebApplication.php(282): CController->run('hoogle')
#2 E:\web\framework\web\CWebApplication.php(141): CWebApplication->runController('user/hoogle')
#3 E:\web\framework\base\CApplication.php(180): CWebApplication->processRequest()
#4 E:\web\BookShareYii\index.php(13): CApplication->run()
#5 {main}
REQUEST_URI=/BookShareYii/index.php/user/hoogle
---
2014/07/19 04:19:03 [error] [exception.CHttpException.404] exception 'CHttpException' with message 'The system is unable to find the requested action "hoogle".' in E:\web\framework\web\CController.php:483
Stack trace:
#0 E:\web\framework\web\CController.php(270): CController->missingAction('hoogle')
#1 E:\web\framework\web\CWebApplication.php(282): CController->run('hoogle')
#2 E:\web\framework\web\CWebApplication.php(141): CWebApplication->runController('user/hoogle')
#3 E:\web\framework\base\CApplication.php(180): CWebApplication->processRequest()
#4 E:\web\BookShareYii\index.php(13): CApplication->run()
#5 {main}
REQUEST_URI=/BookShareYii/index.php/user/hoogle
---
2014/07/19 04:19:53 [error] [exception.CHttpException.404] exception 'CHttpException' with message 'The system is unable to find the requested action "hoogle".' in E:\web\framework\web\CController.php:483
Stack trace:
#0 E:\web\framework\web\CController.php(270): CController->missingAction('hoogle')
#1 E:\web\framework\web\CWebApplication.php(282): CController->run('hoogle')
#2 E:\web\framework\web\CWebApplication.php(141): CWebApplication->runController('user/hoogle')
#3 E:\web\framework\base\CApplication.php(180): CWebApplication->processRequest()
#4 E:\web\BookShareYii\index.php(13): CApplication->run()
#5 {main}
REQUEST_URI=/BookShareYii/index.php/user/hoogle
---
2014/07/19 04:20:16 [error] [exception.CHttpException.404] exception 'CHttpException' with message 'The system is unable to find the requested action "hoogle".' in E:\web\framework\web\CController.php:483
Stack trace:
#0 E:\web\framework\web\CController.php(270): CController->missingAction('hoogle')
#1 E:\web\framework\web\CWebApplication.php(282): CController->run('hoogle')
#2 E:\web\framework\web\CWebApplication.php(141): CWebApplication->runController('user/hoogle')
#3 E:\web\framework\base\CApplication.php(180): CWebApplication->processRequest()
#4 E:\web\BookShareYii\index.php(13): CApplication->run()
#5 {main}
REQUEST_URI=/BookShareYii/index.php/user/hoogle
---
2014/07/19 04:21:07 [error] [exception.CHttpException.404] exception 'CHttpException' with message 'The system is unable to find the requested action "hoogle".' in E:\web\framework\web\CController.php:483
Stack trace:
#0 E:\web\framework\web\CController.php(270): CController->missingAction('hoogle')
#1 E:\web\framework\web\CWebApplication.php(282): CController->run('hoogle')
#2 E:\web\framework\web\CWebApplication.php(141): CWebApplication->runController('user/hoogle')
#3 E:\web\framework\base\CApplication.php(180): CWebApplication->processRequest()
#4 E:\web\BookShareYii\index.php(13): CApplication->run()
#5 {main}
REQUEST_URI=/BookShareYii/index.php/user/hoogle
---
2014/07/19 04:21:12 [error] [exception.CHttpException.404] exception 'CHttpException' with message 'The system is unable to find the requested action "hoogle".' in E:\web\framework\web\CController.php:483
Stack trace:
#0 E:\web\framework\web\CController.php(270): CController->missingAction('hoogle')
#1 E:\web\framework\web\CWebApplication.php(282): CController->run('hoogle')
#2 E:\web\framework\web\CWebApplication.php(141): CWebApplication->runController('user/hoogle')
#3 E:\web\framework\base\CApplication.php(180): CWebApplication->processRequest()
#4 E:\web\BookShareYii\index.php(13): CApplication->run()
#5 {main}
REQUEST_URI=/BookShareYii/index.php/user/hoogle
---
2014/07/19 04:21:31 [error] [exception.CHttpException.404] exception 'CHttpException' with message 'The system is unable to find the requested action "hoogle".' in E:\web\framework\web\CController.php:483
Stack trace:
#0 E:\web\framework\web\CController.php(270): CController->missingAction('hoogle')
#1 E:\web\framework\web\CWebApplication.php(282): CController->run('hoogle')
#2 E:\web\framework\web\CWebApplication.php(141): CWebApplication->runController('user/hoogle')
#3 E:\web\framework\base\CApplication.php(180): CWebApplication->processRequest()
#4 E:\web\BookShareYii\index.php(13): CApplication->run()
#5 {main}
REQUEST_URI=/BookShareYii/index.php/user/hoogle
---
2014/07/19 04:21:32 [error] [exception.CHttpException.404] exception 'CHttpException' with message 'The system is unable to find the requested action "hoogle".' in E:\web\framework\web\CController.php:483
Stack trace:
#0 E:\web\framework\web\CController.php(270): CController->missingAction('hoogle')
#1 E:\web\framework\web\CWebApplication.php(282): CController->run('hoogle')
#2 E:\web\framework\web\CWebApplication.php(141): CWebApplication->runController('user/hoogle')
#3 E:\web\framework\base\CApplication.php(180): CWebApplication->processRequest()
#4 E:\web\BookShareYii\index.php(13): CApplication->run()
#5 {main}
REQUEST_URI=/BookShareYii/index.php/user/hoogle
---
2014/07/19 04:21:32 [error] [exception.CHttpException.404] exception 'CHttpException' with message 'The system is unable to find the requested action "hoogle".' in E:\web\framework\web\CController.php:483
Stack trace:
#0 E:\web\framework\web\CController.php(270): CController->missingAction('hoogle')
#1 E:\web\framework\web\CWebApplication.php(282): CController->run('hoogle')
#2 E:\web\framework\web\CWebApplication.php(141): CWebApplication->runController('user/hoogle')
#3 E:\web\framework\base\CApplication.php(180): CWebApplication->processRequest()
#4 E:\web\BookShareYii\index.php(13): CApplication->run()
#5 {main}
REQUEST_URI=/BookShareYii/index.php/user/hoogle
---
2014/07/19 04:21:33 [error] [exception.CHttpException.404] exception 'CHttpException' with message 'The system is unable to find the requested action "hoogle".' in E:\web\framework\web\CController.php:483
Stack trace:
#0 E:\web\framework\web\CController.php(270): CController->missingAction('hoogle')
#1 E:\web\framework\web\CWebApplication.php(282): CController->run('hoogle')
#2 E:\web\framework\web\CWebApplication.php(141): CWebApplication->runController('user/hoogle')
#3 E:\web\framework\base\CApplication.php(180): CWebApplication->processRequest()
#4 E:\web\BookShareYii\index.php(13): CApplication->run()
#5 {main}
REQUEST_URI=/BookShareYii/index.php/user/hoogle
---
2014/07/19 04:21:33 [error] [exception.CHttpException.404] exception 'CHttpException' with message 'The system is unable to find the requested action "hoogle".' in E:\web\framework\web\CController.php:483
Stack trace:
#0 E:\web\framework\web\CController.php(270): CController->missingAction('hoogle')
#1 E:\web\framework\web\CWebApplication.php(282): CController->run('hoogle')
#2 E:\web\framework\web\CWebApplication.php(141): CWebApplication->runController('user/hoogle')
#3 E:\web\framework\base\CApplication.php(180): CWebApplication->processRequest()
#4 E:\web\BookShareYii\index.php(13): CApplication->run()
#5 {main}
REQUEST_URI=/BookShareYii/index.php/user/hoogle
---
2014/07/19 04:22:29 [error] [exception.CHttpException.404] exception 'CHttpException' with message 'The system is unable to find the requested action "hoogle".' in E:\web\framework\web\CController.php:483
Stack trace:
#0 E:\web\framework\web\CController.php(270): CController->missingAction('hoogle')
#1 E:\web\framework\web\CWebApplication.php(282): CController->run('hoogle')
#2 E:\web\framework\web\CWebApplication.php(141): CWebApplication->runController('user/hoogle')
#3 E:\web\framework\base\CApplication.php(180): CWebApplication->processRequest()
#4 E:\web\BookShareYii\index.php(13): CApplication->run()
#5 {main}
REQUEST_URI=/BookShareYii/index.php/user/hoogle
---
2014/07/19 04:23:50 [error] [php] Undefined index: username (E:\web\BookShareYii\protected\controllers\UserController.php:70)
Stack trace:
#0 E:\web\framework\web\filters\CFilterChain.php(133): UserController->runAction()
#1 E:\web\framework\web\filters\CFilter.php(40): CFilterChain->run()
#2 E:\web\framework\web\CController.php(1145): CAccessControlFilter->filter()
#3 E:\web\framework\web\filters\CInlineFilter.php(58): UserController->filterAccessControl()
#4 E:\web\framework\web\filters\CFilterChain.php(130): CInlineFilter->filter()
#5 E:\web\framework\web\CController.php(291): CFilterChain->run()
#6 E:\web\framework\web\CController.php(265): UserController->runActionWithFilters()
#7 E:\web\framework\web\CWebApplication.php(282): UserController->run()
#8 E:\web\framework\web\CWebApplication.php(141): CWebApplication->runController()
#9 E:\web\framework\base\CApplication.php(180): CWebApplication->processRequest()
#10 E:\web\BookShareYii\index.php(13): CWebApplication->run()
REQUEST_URI=/BookShareYii/index.php/user/view/hoogle
in E:\web\BookShareYii\protected\controllers\UserController.php (70)
in E:\web\BookShareYii\index.php (13)
2014/07/19 04:24:11 [error] [php] Undefined index: user (E:\web\BookShareYii\protected\controllers\UserController.php:70)
Stack trace:
#0 E:\web\framework\web\filters\CFilterChain.php(133): UserController->runAction()
#1 E:\web\framework\web\filters\CFilter.php(40): CFilterChain->run()
#2 E:\web\framework\web\CController.php(1145): CAccessControlFilter->filter()
#3 E:\web\framework\web\filters\CInlineFilter.php(58): UserController->filterAccessControl()
#4 E:\web\framework\web\filters\CFilterChain.php(130): CInlineFilter->filter()
#5 E:\web\framework\web\CController.php(291): CFilterChain->run()
#6 E:\web\framework\web\CController.php(265): UserController->runActionWithFilters()
#7 E:\web\framework\web\CWebApplication.php(282): UserController->run()
#8 E:\web\framework\web\CWebApplication.php(141): CWebApplication->runController()
#9 E:\web\framework\base\CApplication.php(180): CWebApplication->processRequest()
#10 E:\web\BookShareYii\index.php(13): CWebApplication->run()
REQUEST_URI=/BookShareYii/index.php/user/view/hoogle
in E:\web\BookShareYii\protected\controllers\UserController.php (70)
in E:\web\BookShareYii\index.php (13)
2014/07/19 04:24:22 [error] [php] Undefined index: id (E:\web\BookShareYii\protected\controllers\UserController.php:70)
Stack trace:
#0 E:\web\framework\web\filters\CFilterChain.php(133): UserController->runAction()
#1 E:\web\framework\web\filters\CFilter.php(40): CFilterChain->run()
#2 E:\web\framework\web\CController.php(1145): CAccessControlFilter->filter()
#3 E:\web\framework\web\filters\CInlineFilter.php(58): UserController->filterAccessControl()
#4 E:\web\framework\web\filters\CFilterChain.php(130): CInlineFilter->filter()
#5 E:\web\framework\web\CController.php(291): CFilterChain->run()
#6 E:\web\framework\web\CController.php(265): UserController->runActionWithFilters()
#7 E:\web\framework\web\CWebApplication.php(282): UserController->run()
#8 E:\web\framework\web\CWebApplication.php(141): CWebApplication->runController()
#9 E:\web\framework\base\CApplication.php(180): CWebApplication->processRequest()
#10 E:\web\BookShareYii\index.php(13): CWebApplication->run()
REQUEST_URI=/BookShareYii/index.php/user/view/hoogle
in E:\web\BookShareYii\protected\controllers\UserController.php (70)
in E:\web\BookShareYii\index.php (13)
2014/07/19 04:25:24 [error] [exception.CHttpException.400] exception 'CHttpException' with message 'Your request is invalid.' in E:\web\framework\web\CController.php:336
Stack trace:
#0 E:\web\framework\web\CController.php(309): CController->invalidActionParams(Object(CInlineAction))
#1 E:\web\framework\web\filters\CFilterChain.php(133): CController->runAction(Object(CInlineAction))
#2 E:\web\framework\web\filters\CFilter.php(40): CFilterChain->run()
#3 E:\web\framework\web\CController.php(1145): CFilter->filter(Object(CFilterChain))
#4 E:\web\framework\web\filters\CInlineFilter.php(58): CController->filterAccessControl(Object(CFilterChain))
#5 E:\web\framework\web\filters\CFilterChain.php(130): CInlineFilter->filter(Object(CFilterChain))
#6 E:\web\framework\web\CController.php(291): CFilterChain->run()
#7 E:\web\framework\web\CController.php(265): CController->runActionWithFilters(Object(CInlineAction), Array)
#8 E:\web\framework\web\CWebApplication.php(282): CController->run('view')
#9 E:\web\framework\web\CWebApplication.php(141): CWebApplication->runController('user/view/hoogl...')
#10 E:\web\framework\base\CApplication.php(180): CWebApplication->processRequest()
#11 E:\web\BookShareYii\index.php(13): CApplication->run()
#12 {main}
REQUEST_URI=/BookShareYii/index.php/user/view/hoogle
---
2014/07/19 04:29:14 [error] [exception.CHttpException.404] exception 'CHttpException' with message 'The system is unable to find the requested action "hoogle".' in E:\web\framework\web\CController.php:483
Stack trace:
#0 E:\web\framework\web\CController.php(270): CController->missingAction('hoogle')
#1 E:\web\framework\web\CWebApplication.php(282): CController->run('hoogle')
#2 E:\web\framework\web\CWebApplication.php(141): CWebApplication->runController('user/hoogle')
#3 E:\web\framework\base\CApplication.php(180): CWebApplication->processRequest()
#4 E:\web\BookShareYii\index.php(13): CApplication->run()
#5 {main}
REQUEST_URI=/BookShareYii/index.php/user/hoogle
---
2014/07/19 04:29:36 [error] [exception.CHttpException.404] exception 'CHttpException' with message 'The system is unable to find the requested action "hoogle".' in E:\web\framework\web\CController.php:483
Stack trace:
#0 E:\web\framework\web\CController.php(270): CController->missingAction('hoogle')
#1 E:\web\framework\web\CWebApplication.php(282): CController->run('hoogle')
#2 E:\web\framework\web\CWebApplication.php(141): CWebApplication->runController('user/hoogle')
#3 E:\web\framework\base\CApplication.php(180): CWebApplication->processRequest()
#4 E:\web\BookShareYii\index.php(13): CApplication->run()
#5 {main}
REQUEST_URI=/BookShareYii/index.php/user/hoogle
---
2014/07/19 04:29:37 [error] [exception.CHttpException.404] exception 'CHttpException' with message 'The system is unable to find the requested action "hoogle".' in E:\web\framework\web\CController.php:483
Stack trace:
#0 E:\web\framework\web\CController.php(270): CController->missingAction('hoogle')
#1 E:\web\framework\web\CWebApplication.php(282): CController->run('hoogle')
#2 E:\web\framework\web\CWebApplication.php(141): CWebApplication->runController('user/hoogle')
#3 E:\web\framework\base\CApplication.php(180): CWebApplication->processRequest()
#4 E:\web\BookShareYii\index.php(13): CApplication->run()
#5 {main}
REQUEST_URI=/BookShareYii/index.php/user/hoogle
---
2014/07/19 04:29:45 [error] [exception.CHttpException.404] exception 'CHttpException' with message 'The system is unable to find the requested action "hoogle".' in E:\web\framework\web\CController.php:483
Stack trace:
#0 E:\web\framework\web\CController.php(270): CController->missingAction('hoogle')
#1 E:\web\framework\web\CWebApplication.php(282): CController->run('hoogle')
#2 E:\web\framework\web\CWebApplication.php(141): CWebApplication->runController('user/hoogle')
#3 E:\web\framework\base\CApplication.php(180): CWebApplication->processRequest()
#4 E:\web\BookShareYii\index.php(13): CApplication->run()
#5 {main}
REQUEST_URI=/BookShareYii/index.php/user/hoogle
---
2014/07/19 04:29:46 [error] [exception.CHttpException.404] exception 'CHttpException' with message 'The system is unable to find the requested action "hoogle".' in E:\web\framework\web\CController.php:483
Stack trace:
#0 E:\web\framework\web\CController.php(270): CController->missingAction('hoogle')
#1 E:\web\framework\web\CWebApplication.php(282): CController->run('hoogle')
#2 E:\web\framework\web\CWebApplication.php(141): CWebApplication->runController('user/hoogle')
#3 E:\web\framework\base\CApplication.php(180): CWebApplication->processRequest()
#4 E:\web\BookShareYii\index.php(13): CApplication->run()
#5 {main}
REQUEST_URI=/BookShareYii/index.php/user/hoogle
---
2014/07/19 04:29:47 [error] [exception.CHttpException.404] exception 'CHttpException' with message 'The system is unable to find the requested action "hoogle".' in E:\web\framework\web\CController.php:483
Stack trace:
#0 E:\web\framework\web\CController.php(270): CController->missingAction('hoogle')
#1 E:\web\framework\web\CWebApplication.php(282): CController->run('hoogle')
#2 E:\web\framework\web\CWebApplication.php(141): CWebApplication->runController('user/hoogle')
#3 E:\web\framework\base\CApplication.php(180): CWebApplication->processRequest()
#4 E:\web\BookShareYii\index.php(13): CApplication->run()
#5 {main}
REQUEST_URI=/BookShareYii/index.php/user/hoogle
---
2014/07/19 04:29:52 [error] [exception.CHttpException.404] exception 'CHttpException' with message 'The system is unable to find the requested action "hoogle".' in E:\web\framework\web\CController.php:483
Stack trace:
#0 E:\web\framework\web\CController.php(270): CController->missingAction('hoogle')
#1 E:\web\framework\web\CWebApplication.php(282): CController->run('hoogle')
#2 E:\web\framework\web\CWebApplication.php(141): CWebApplication->runController('user/hoogle')
#3 E:\web\framework\base\CApplication.php(180): CWebApplication->processRequest()
#4 E:\web\BookShareYii\index.php(13): CApplication->run()
#5 {main}
REQUEST_URI=/BookShareYii/index.php/user/hoogle
---
2014/07/19 04:29:52 [error] [exception.CHttpException.404] exception 'CHttpException' with message 'The system is unable to find the requested action "hoogle".' in E:\web\framework\web\CController.php:483
Stack trace:
#0 E:\web\framework\web\CController.php(270): CController->missingAction('hoogle')
#1 E:\web\framework\web\CWebApplication.php(282): CController->run('hoogle')
#2 E:\web\framework\web\CWebApplication.php(141): CWebApplication->runController('user/hoogle')
#3 E:\web\framework\base\CApplication.php(180): CWebApplication->processRequest()
#4 E:\web\BookShareYii\index.php(13): CApplication->run()
#5 {main}
REQUEST_URI=/BookShareYii/index.php/user/hoogle
---
2014/07/19 04:29:53 [error] [exception.CHttpException.404] exception 'CHttpException' with message 'The system is unable to find the requested action "hoogle".' in E:\web\framework\web\CController.php:483
Stack trace:
#0 E:\web\framework\web\CController.php(270): CController->missingAction('hoogle')
#1 E:\web\framework\web\CWebApplication.php(282): CController->run('hoogle')
#2 E:\web\framework\web\CWebApplication.php(141): CWebApplication->runController('user/hoogle')
#3 E:\web\framework\base\CApplication.php(180): CWebApplication->processRequest()
#4 E:\web\BookShareYii\index.php(13): CApplication->run()
#5 {main}
REQUEST_URI=/BookShareYii/index.php/user/hoogle
---
2014/07/19 04:29:53 [error] [exception.CHttpException.404] exception 'CHttpException' with message 'The system is unable to find the requested action "hoogle".' in E:\web\framework\web\CController.php:483
Stack trace:
#0 E:\web\framework\web\CController.php(270): CController->missingAction('hoogle')
#1 E:\web\framework\web\CWebApplication.php(282): CController->run('hoogle')
#2 E:\web\framework\web\CWebApplication.php(141): CWebApplication->runController('user/hoogle')
#3 E:\web\framework\base\CApplication.php(180): CWebApplication->processRequest()
#4 E:\web\BookShareYii\index.php(13): CApplication->run()
#5 {main}
REQUEST_URI=/BookShareYii/index.php/user/hoogle
---
2014/07/19 04:29:53 [error] [exception.CHttpException.404] exception 'CHttpException' with message 'The system is unable to find the requested action "hoogle".' in E:\web\framework\web\CController.php:483
Stack trace:
#0 E:\web\framework\web\CController.php(270): CController->missingAction('hoogle')
#1 E:\web\framework\web\CWebApplication.php(282): CController->run('hoogle')
#2 E:\web\framework\web\CWebApplication.php(141): CWebApplication->runController('user/hoogle')
#3 E:\web\framework\base\CApplication.php(180): CWebApplication->processRequest()
#4 E:\web\BookShareYii\index.php(13): CApplication->run()
#5 {main}
REQUEST_URI=/BookShareYii/index.php/user/hoogle
---
2014/07/19 04:29:53 [error] [exception.CHttpException.404] exception 'CHttpException' with message 'The system is unable to find the requested action "hoogle".' in E:\web\framework\web\CController.php:483
Stack trace:
#0 E:\web\framework\web\CController.php(270): CController->missingAction('hoogle')
#1 E:\web\framework\web\CWebApplication.php(282): CController->run('hoogle')
#2 E:\web\framework\web\CWebApplication.php(141): CWebApplication->runController('user/hoogle')
#3 E:\web\framework\base\CApplication.php(180): CWebApplication->processRequest()
#4 E:\web\BookShareYii\index.php(13): CApplication->run()
#5 {main}
REQUEST_URI=/BookShareYii/index.php/user/hoogle
---
2014/07/19 04:31:14 [error] [exception.CHttpException.404] exception 'CHttpException' with message 'Unable to resolve the request "view".' in E:\web\framework\web\CWebApplication.php:286
Stack trace:
#0 E:\web\framework\web\CWebApplication.php(141): CWebApplication->runController('view')
#1 E:\web\framework\base\CApplication.php(180): CWebApplication->processRequest()
#2 E:\web\BookShareYii\index.php(13): CApplication->run()
#3 {main}
REQUEST_URI=/BookShareYii/index.php/user/0
---
2014/07/19 04:31:27 [error] [exception.CHttpException.404] exception 'CHttpException' with message 'The system is unable to find the requested action "hoogle".' in E:\web\framework\web\CController.php:483
Stack trace:
#0 E:\web\framework\web\CController.php(270): CController->missingAction('hoogle')
#1 E:\web\framework\web\CWebApplication.php(282): CController->run('hoogle')
#2 E:\web\framework\web\CWebApplication.php(141): CWebApplication->runController('user/hoogle')
#3 E:\web\framework\base\CApplication.php(180): CWebApplication->processRequest()
#4 E:\web\BookShareYii\index.php(13): CApplication->run()
#5 {main}
REQUEST_URI=/BookShareYii/index.php/user/hoogle
---
2014/07/19 04:31:47 [error] [exception.CHttpException.404] exception 'CHttpException' with message 'Unable to resolve the request "view".' in E:\web\framework\web\CWebApplication.php:286
Stack trace:
#0 E:\web\framework\web\CWebApplication.php(141): CWebApplication->runController('view')
#1 E:\web\framework\base\CApplication.php(180): CWebApplication->processRequest()
#2 E:\web\BookShareYii\index.php(13): CApplication->run()
#3 {main}
REQUEST_URI=/BookShareYii/index.php/user/hoogle
---
2014/07/19 04:34:03 [error] [exception.CHttpException.404] exception 'CHttpException' with message 'Unable to resolve the request "view".' in E:\web\framework\web\CWebApplication.php:286
Stack trace:
#0 E:\web\framework\web\CWebApplication.php(141): CWebApplication->runController('view')
#1 E:\web\framework\base\CApplication.php(180): CWebApplication->processRequest()
#2 E:\web\BookShareYii\index.php(13): CApplication->run()
#3 {main}
REQUEST_URI=/BookShareYii/index.php/user/hoogle
---
2014/07/19 04:34:20 [error] [exception.CHttpException.404] exception 'CHttpException' with message 'Unable to resolve the request "view".' in E:\web\framework\web\CWebApplication.php:286
Stack trace:
#0 E:\web\framework\web\CWebApplication.php(141): CWebApplication->runController('view')
#1 E:\web\framework\base\CApplication.php(180): CWebApplication->processRequest()
#2 E:\web\BookShareYii\index.php(13): CApplication->run()
#3 {main}
REQUEST_URI=/BookShareYii/index.php/user/hoogle
---
2014/07/19 04:38:02 [error] [exception.CHttpException.404] exception 'CHttpException' with message 'Unable to resolve the request "view".' in E:\web\framework\web\CWebApplication.php:286
Stack trace:
#0 E:\web\framework\web\CWebApplication.php(141): CWebApplication->runController('view')
#1 E:\web\framework\base\CApplication.php(180): CWebApplication->processRequest()
#2 E:\web\BookShareYii\index.php(13): CApplication->run()
#3 {main}
REQUEST_URI=/BookShareYii/index.php/user/hoogle
---
2014/07/19 04:38:05 [error] [exception.CHttpException.404] exception 'CHttpException' with message 'Unable to resolve the request "list".' in E:\web\framework\web\CWebApplication.php:286
Stack trace:
#0 E:\web\framework\web\CWebApplication.php(141): CWebApplication->runController('list')
#1 E:\web\framework\base\CApplication.php(180): CWebApplication->processRequest()
#2 E:\web\BookShareYii\index.php(13): CApplication->run()
#3 {main}
REQUEST_URI=/BookShareYii/index.php/user
---
2014/07/19 04:38:40 [error] [exception.CHttpException.404] exception 'CHttpException' with message 'Unable to resolve the request "<model:\w+>/list".' in E:\web\framework\web\CWebApplication.php:286
Stack trace:
#0 E:\web\framework\web\CWebApplication.php(141): CWebApplication->runController('<model:\w+>/lis...')
#1 E:\web\framework\base\CApplication.php(180): CWebApplication->processRequest()
#2 E:\web\BookShareYii\index.php(13): CApplication->run()
#3 {main}
REQUEST_URI=/BookShareYii/index.php/user
---
2014/07/19 04:39:16 [error] [exception.CHttpException.403] exception 'CHttpException' with message 'You are not authorized to perform this action.' in E:\web\framework\web\auth\CAccessControlFilter.php:182
Stack trace:
#0 E:\web\framework\web\auth\CAccessControlFilter.php(145): CAccessControlFilter->accessDenied(Object(CWebUser), 'You are not aut...')
#1 E:\web\framework\web\filters\CFilter.php(38): CAccessControlFilter->preFilter(Object(CFilterChain))
#2 E:\web\framework\web\CController.php(1145): CFilter->filter(Object(CFilterChain))
#3 E:\web\framework\web\filters\CInlineFilter.php(58): CController->filterAccessControl(Object(CFilterChain))
#4 E:\web\framework\web\filters\CFilterChain.php(130): CInlineFilter->filter(Object(CFilterChain))
#5 E:\web\framework\web\CController.php(291): CFilterChain->run()
#6 E:\web\framework\web\CController.php(265): CController->runActionWithFilters(Object(CInlineAction), Array)
#7 E:\web\framework\web\CWebApplication.php(282): CController->run('list')
#8 E:\web\framework\web\CWebApplication.php(141): CWebApplication->runController('user/list')
#9 E:\web\framework\base\CApplication.php(180): CWebApplication->processRequest()
#10 E:\web\BookShareYii\index.php(13): CApplication->run()
#11 {main}
REQUEST_URI=/BookShareYii/index.php/user
---
2014/07/19 04:39:34 [error] [exception.CHttpException.403] exception 'CHttpException' with message 'You are not authorized to perform this action.' in E:\web\framework\web\auth\CAccessControlFilter.php:182
Stack trace:
#0 E:\web\framework\web\auth\CAccessControlFilter.php(145): CAccessControlFilter->accessDenied(Object(CWebUser), 'You are not aut...')
#1 E:\web\framework\web\filters\CFilter.php(38): CAccessControlFilter->preFilter(Object(CFilterChain))
#2 E:\web\framework\web\CController.php(1145): CFilter->filter(Object(CFilterChain))
#3 E:\web\framework\web\filters\CInlineFilter.php(58): CController->filterAccessControl(Object(CFilterChain))
#4 E:\web\framework\web\filters\CFilterChain.php(130): CInlineFilter->filter(Object(CFilterChain))
#5 E:\web\framework\web\CController.php(291): CFilterChain->run()
#6 E:\web\framework\web\CController.php(265): CController->runActionWithFilters(Object(CInlineAction), Array)
#7 E:\web\framework\web\CWebApplication.php(282): CController->run('list')
#8 E:\web\framework\web\CWebApplication.php(141): CWebApplication->runController('user/list')
#9 E:\web\framework\base\CApplication.php(180): CWebApplication->processRequest()
#10 E:\web\BookShareYii\index.php(13): CApplication->run()
#11 {main}
REQUEST_URI=/BookShareYii/index.php/user
---
2014/07/19 04:43:18 [error] [exception.CHttpException.404] exception 'CHttpException' with message 'The system is unable to find the requested action "list".' in E:\web\framework\web\CController.php:483
Stack trace:
#0 E:\web\framework\web\CController.php(270): CController->missingAction('list')
#1 E:\web\framework\web\CWebApplication.php(282): CController->run('list')
#2 E:\web\framework\web\CWebApplication.php(141): CWebApplication->runController('user/list')
#3 E:\web\framework\base\CApplication.php(180): CWebApplication->processRequest()
#4 E:\web\BookShareYii\index.php(13): CApplication->run()
#5 {main}
REQUEST_URI=/BookShareYii/index.php/user/list
---
2014/07/19 04:43:25 [error] [exception.CHttpException.403] exception 'CHttpException' with message 'You are not authorized to perform this action.' in E:\web\framework\web\auth\CAccessControlFilter.php:182
Stack trace:
#0 E:\web\framework\web\auth\CAccessControlFilter.php(145): CAccessControlFilter->accessDenied(Object(CWebUser), 'You are not aut...')
#1 E:\web\framework\web\filters\CFilter.php(38): CAccessControlFilter->preFilter(Object(CFilterChain))
#2 E:\web\framework\web\CController.php(1145): CFilter->filter(Object(CFilterChain))
#3 E:\web\framework\web\filters\CInlineFilter.php(58): CController->filterAccessControl(Object(CFilterChain))
#4 E:\web\framework\web\filters\CFilterChain.php(130): CInlineFilter->filter(Object(CFilterChain))
#5 E:\web\framework\web\CController.php(291): CFilterChain->run()
#6 E:\web\framework\web\CController.php(265): CController->runActionWithFilters(Object(CInlineAction), Array)
#7 E:\web\framework\web\CWebApplication.php(282): CController->run('phoneView')
#8 E:\web\framework\web\CWebApplication.php(141): CWebApplication->runController('user/phoneView')
#9 E:\web\framework\base\CApplication.php(180): CWebApplication->processRequest()
#10 E:\web\BookShareYii\index.php(13): CApplication->run()
#11 {main}
REQUEST_URI=/BookShareYii/index.php/api/user/list
---
2014/07/19 04:43:32 [error] [exception.CHttpException.403] exception 'CHttpException' with message 'You are not authorized to perform this action.' in E:\web\framework\web\auth\CAccessControlFilter.php:182
Stack trace:
#0 E:\web\framework\web\auth\CAccessControlFilter.php(145): CAccessControlFilter->accessDenied(Object(CWebUser), 'You are not aut...')
#1 E:\web\framework\web\filters\CFilter.php(38): CAccessControlFilter->preFilter(Object(CFilterChain))
#2 E:\web\framework\web\CController.php(1145): CFilter->filter(Object(CFilterChain))
#3 E:\web\framework\web\filters\CInlineFilter.php(58): CController->filterAccessControl(Object(CFilterChain))
#4 E:\web\framework\web\filters\CFilterChain.php(130): CInlineFilter->filter(Object(CFilterChain))
#5 E:\web\framework\web\CController.php(291): CFilterChain->run()
#6 E:\web\framework\web\CController.php(265): CController->runActionWithFilters(Object(CInlineAction), Array)
#7 E:\web\framework\web\CWebApplication.php(282): CController->run('phoneView')
#8 E:\web\framework\web\CWebApplication.php(141): CWebApplication->runController('user/phoneView')
#9 E:\web\framework\base\CApplication.php(180): CWebApplication->processRequest()
#10 E:\web\BookShareYii\index.php(13): CApplication->run()
#11 {main}
REQUEST_URI=/BookShareYii/index.php/api/user/hoogle
---
2014/07/19 04:43:37 [error] [exception.CHttpException.403] exception 'CHttpException' with message 'You are not authorized to perform this action.' in E:\web\framework\web\auth\CAccessControlFilter.php:182
Stack trace:
#0 E:\web\framework\web\auth\CAccessControlFilter.php(145): CAccessControlFilter->accessDenied(Object(CWebUser), 'You are not aut...')
#1 E:\web\framework\web\filters\CFilter.php(38): CAccessControlFilter->preFilter(Object(CFilterChain))
#2 E:\web\framework\web\CController.php(1145): CFilter->filter(Object(CFilterChain))
#3 E:\web\framework\web\filters\CInlineFilter.php(58): CController->filterAccessControl(Object(CFilterChain))
#4 E:\web\framework\web\filters\CFilterChain.php(130): CInlineFilter->filter(Object(CFilterChain))
#5 E:\web\framework\web\CController.php(291): CFilterChain->run()
#6 E:\web\framework\web\CController.php(265): CController->runActionWithFilters(Object(CInlineAction), Array)
#7 E:\web\framework\web\CWebApplication.php(282): CController->run('phoneView')
#8 E:\web\framework\web\CWebApplication.php(141): CWebApplication->runController('user/phoneView')
#9 E:\web\framework\base\CApplication.php(180): CWebApplication->processRequest()
#10 E:\web\BookShareYii\index.php(13): CApplication->run()
#11 {main}
REQUEST_URI=/BookShareYii/index.php/api/user/list
---
2014/07/19 04:43:40 [error] [exception.CHttpException.403] exception 'CHttpException' with message 'You are not authorized to perform this action.' in E:\web\framework\web\auth\CAccessControlFilter.php:182
Stack trace:
#0 E:\web\framework\web\auth\CAccessControlFilter.php(145): CAccessControlFilter->accessDenied(Object(CWebUser), 'You are not aut...')
#1 E:\web\framework\web\filters\CFilter.php(38): CAccessControlFilter->preFilter(Object(CFilterChain))
#2 E:\web\framework\web\CController.php(1145): CFilter->filter(Object(CFilterChain))
#3 E:\web\framework\web\filters\CInlineFilter.php(58): CController->filterAccessControl(Object(CFilterChain))
#4 E:\web\framework\web\filters\CFilterChain.php(130): CInlineFilter->filter(Object(CFilterChain))
#5 E:\web\framework\web\CController.php(291): CFilterChain->run()
#6 E:\web\framework\web\CController.php(265): CController->runActionWithFilters(Object(CInlineAction), Array)
#7 E:\web\framework\web\CWebApplication.php(282): CController->run('phoneView')
#8 E:\web\framework\web\CWebApplication.php(141): CWebApplication->runController('user/phoneView')
#9 E:\web\framework\base\CApplication.php(180): CWebApplication->processRequest()
#10 E:\web\BookShareYii\index.php(13): CApplication->run()
#11 {main}
REQUEST_URI=/BookShareYii/index.php/api/user/list
---
2014/07/19 04:43:45 [error] [exception.CHttpException.403] exception 'CHttpException' with message 'You are not authorized to perform this action.' in E:\web\framework\web\auth\CAccessControlFilter.php:182
Stack trace:
#0 E:\web\framework\web\auth\CAccessControlFilter.php(145): CAccessControlFilter->accessDenied(Object(CWebUser), 'You are not aut...')
#1 E:\web\framework\web\filters\CFilter.php(38): CAccessControlFilter->preFilter(Object(CFilterChain))
#2 E:\web\framework\web\CController.php(1145): CFilter->filter(Object(CFilterChain))
#3 E:\web\framework\web\filters\CInlineFilter.php(58): CController->filterAccessControl(Object(CFilterChain))
#4 E:\web\framework\web\filters\CFilterChain.php(130): CInlineFilter->filter(Object(CFilterChain))
#5 E:\web\framework\web\CController.php(291): CFilterChain->run()
#6 E:\web\framework\web\CController.php(265): CController->runActionWithFilters(Object(CInlineAction), Array)
#7 E:\web\framework\web\CWebApplication.php(282): CController->run('phoneView')
#8 E:\web\framework\web\CWebApplication.php(141): CWebApplication->runController('user/phoneView')
#9 E:\web\framework\base\CApplication.php(180): CWebApplication->processRequest()
#10 E:\web\BookShareYii\index.php(13): CApplication->run()
#11 {main}
REQUEST_URI=/BookShareYii/index.php/api/user/hoogle
---
2014/07/19 04:44:48 [error] [exception.CHttpException.403] exception 'CHttpException' with message 'You are not authorized to perform this action.' in E:\web\framework\web\auth\CAccessControlFilter.php:182
Stack trace:
#0 E:\web\framework\web\auth\CAccessControlFilter.php(145): CAccessControlFilter->accessDenied(Object(CWebUser), 'You are not aut...')
#1 E:\web\framework\web\filters\CFilter.php(38): CAccessControlFilter->preFilter(Object(CFilterChain))
#2 E:\web\framework\web\CController.php(1145): CFilter->filter(Object(CFilterChain))
#3 E:\web\framework\web\filters\CInlineFilter.php(58): CController->filterAccessControl(Object(CFilterChain))
#4 E:\web\framework\web\filters\CFilterChain.php(130): CInlineFilter->filter(Object(CFilterChain))
#5 E:\web\framework\web\CController.php(291): CFilterChain->run()
#6 E:\web\framework\web\CController.php(265): CController->runActionWithFilters(Object(CInlineAction), Array)
#7 E:\web\framework\web\CWebApplication.php(282): CController->run('phoneView')
#8 E:\web\framework\web\CWebApplication.php(141): CWebApplication->runController('user/phoneView')
#9 E:\web\framework\base\CApplication.php(180): CWebApplication->processRequest()
#10 E:\web\BookShareYii\index.php(13): CApplication->run()
#11 {main}
REQUEST_URI=/BookShareYii/index.php/api/user/hoogle
---
2014/07/19 04:44:51 [error] [exception.CHttpException.403] exception 'CHttpException' with message 'You are not authorized to perform this action.' in E:\web\framework\web\auth\CAccessControlFilter.php:182
Stack trace:
#0 E:\web\framework\web\auth\CAccessControlFilter.php(145): CAccessControlFilter->accessDenied(Object(CWebUser), 'You are not aut...')
#1 E:\web\framework\web\filters\CFilter.php(38): CAccessControlFilter->preFilter(Object(CFilterChain))
#2 E:\web\framework\web\CController.php(1145): CFilter->filter(Object(CFilterChain))
#3 E:\web\framework\web\filters\CInlineFilter.php(58): CController->filterAccessControl(Object(CFilterChain))
#4 E:\web\framework\web\filters\CFilterChain.php(130): CInlineFilter->filter(Object(CFilterChain))
#5 E:\web\framework\web\CController.php(291): CFilterChain->run()
#6 E:\web\framework\web\CController.php(265): CController->runActionWithFilters(Object(CInlineAction), Array)
#7 E:\web\framework\web\CWebApplication.php(282): CController->run('phoneView')
#8 E:\web\framework\web\CWebApplication.php(141): CWebApplication->runController('user/phoneView')
#9 E:\web\framework\base\CApplication.php(180): CWebApplication->processRequest()
#10 E:\web\BookShareYii\index.php(13): CApplication->run()
#11 {main}
REQUEST_URI=/BookShareYii/index.php/api/user/hoogle
---
2014/07/19 04:55:30 [error] [exception.CHttpException.404] exception 'CHttpException' with message 'Unable to resolve the request "login/phoneList".' in E:\web\framework\web\CWebApplication.php:286
Stack trace:
#0 E:\web\framework\web\CWebApplication.php(141): CWebApplication->runController('login/phoneList')
#1 E:\web\framework\base\CApplication.php(180): CWebApplication->processRequest()
#2 E:\web\BookShareYii\index.php(13): CApplication->run()
#3 {main}
REQUEST_URI=/BookShareYii/index.php/api/login
---
2014/07/19 04:56:16 [error] [exception.CHttpException.404] exception 'CHttpException' with message 'Unable to resolve the request "login/phoneList".' in E:\web\framework\web\CWebApplication.php:286
Stack trace:
#0 E:\web\framework\web\CWebApplication.php(141): CWebApplication->runController('login/phoneList')
#1 E:\web\framework\base\CApplication.php(180): CWebApplication->processRequest()
#2 E:\web\BookShareYii\index.php(13): CApplication->run()
#3 {main}
REQUEST_URI=/BookShareYii/index.php/api/login
---
2014/07/19 04:56:19 [error] [exception.CHttpException.404] exception 'CHttpException' with message 'Unable to resolve the request "login/phoneList".' in E:\web\framework\web\CWebApplication.php:286
Stack trace:
#0 E:\web\framework\web\CWebApplication.php(141): CWebApplication->runController('login/phoneList')
#1 E:\web\framework\base\CApplication.php(180): CWebApplication->processRequest()
#2 E:\web\BookShareYii\index.php(13): CApplication->run()
#3 {main}
REQUEST_URI=/BookShareYii/index.php/api/login
---
2014/07/19 04:56:33 [error] [exception.CHttpException.404] exception 'CHttpException' with message 'Unable to resolve the request "register/phoneList".' in E:\web\framework\web\CWebApplication.php:286
Stack trace:
#0 E:\web\framework\web\CWebApplication.php(141): CWebApplication->runController('register/phoneL...')
#1 E:\web\framework\base\CApplication.php(180): CWebApplication->processRequest()
#2 E:\web\BookShareYii\index.php(13): CApplication->run()
#3 {main}
REQUEST_URI=/BookShareYii/index.php/api/register
---
2014/07/19 04:57:15 [error] [exception.CHttpException.404] exception 'CHttpException' with message 'Unable to resolve the request "api/register".' in E:\web\framework\web\CWebApplication.php:286
Stack trace:
#0 E:\web\framework\web\CWebApplication.php(141): CWebApplication->runController('api/register')
#1 E:\web\framework\base\CApplication.php(180): CWebApplication->processRequest()
#2 E:\web\BookShareYii\index.php(13): CApplication->run()
#3 {main}
REQUEST_URI=/BookShareYii/index.php/api/register
---
2014/07/19 04:57:32 [error] [exception.CHttpException.404] exception 'CHttpException' with message 'Unable to resolve the request "api/register".' in E:\web\framework\web\CWebApplication.php:286
Stack trace:
#0 E:\web\framework\web\CWebApplication.php(141): CWebApplication->runController('api/register')
#1 E:\web\framework\base\CApplication.php(180): CWebApplication->processRequest()
#2 E:\web\BookShareYii\index.php(13): CApplication->run()
#3 {main}
REQUEST_URI=/BookShareYii/index.php/api/register
---
2014/07/19 04:57:33 [error] [exception.CHttpException.404] exception 'CHttpException' with message 'Unable to resolve the request "api/register".' in E:\web\framework\web\CWebApplication.php:286
Stack trace:
#0 E:\web\framework\web\CWebApplication.php(141): CWebApplication->runController('api/register')
#1 E:\web\framework\base\CApplication.php(180): CWebApplication->processRequest()
#2 E:\web\BookShareYii\index.php(13): CApplication->run()
#3 {main}
REQUEST_URI=/BookShareYii/index.php/api/register
---
2014/07/19 04:57:33 [error] [exception.CHttpException.404] exception 'CHttpException' with message 'Unable to resolve the request "api/register".' in E:\web\framework\web\CWebApplication.php:286
Stack trace:
#0 E:\web\framework\web\CWebApplication.php(141): CWebApplication->runController('api/register')
#1 E:\web\framework\base\CApplication.php(180): CWebApplication->processRequest()
#2 E:\web\BookShareYii\index.php(13): CApplication->run()
#3 {main}
REQUEST_URI=/BookShareYii/index.php/api/register
---
2014/07/19 04:57:43 [error] [exception.CHttpException.404] exception 'CHttpException' with message 'Unable to resolve the request "api/login".' in E:\web\framework\web\CWebApplication.php:286
Stack trace:
#0 E:\web\framework\web\CWebApplication.php(141): CWebApplication->runController('api/login')
#1 E:\web\framework\base\CApplication.php(180): CWebApplication->processRequest()
#2 E:\web\BookShareYii\index.php(13): CApplication->run()
#3 {main}
REQUEST_URI=/BookShareYii/index.php/api/login
---
2014/07/19 04:57:55 [error] [exception.CHttpException.404] exception 'CHttpException' with message 'Unable to resolve the request "api/login".' in E:\web\framework\web\CWebApplication.php:286
Stack trace:
#0 E:\web\framework\web\CWebApplication.php(141): CWebApplication->runController('api/login')
#1 E:\web\framework\base\CApplication.php(180): CWebApplication->processRequest()
#2 E:\web\BookShareYii\index.php(13): CApplication->run()
#3 {main}
REQUEST_URI=/BookShareYii/index.php/api/login
---
2014/07/19 04:57:56 [error] [exception.CHttpException.404] exception 'CHttpException' with message 'Unable to resolve the request "api/login".' in E:\web\framework\web\CWebApplication.php:286
Stack trace:
#0 E:\web\framework\web\CWebApplication.php(141): CWebApplication->runController('api/login')
#1 E:\web\framework\base\CApplication.php(180): CWebApplication->processRequest()
#2 E:\web\BookShareYii\index.php(13): CApplication->run()
#3 {main}
REQUEST_URI=/BookShareYii/index.php/api/login
---
2014/07/19 04:57:57 [error] [exception.CHttpException.404] exception 'CHttpException' with message 'Unable to resolve the request "api/login".' in E:\web\framework\web\CWebApplication.php:286
Stack trace:
#0 E:\web\framework\web\CWebApplication.php(141): CWebApplication->runController('api/login')
#1 E:\web\framework\base\CApplication.php(180): CWebApplication->processRequest()
#2 E:\web\BookShareYii\index.php(13): CApplication->run()
#3 {main}
REQUEST_URI=/BookShareYii/index.php/api/login
---
2014/07/19 04:57:57 [error] [exception.CHttpException.404] exception 'CHttpException' with message 'Unable to resolve the request "api/login".' in E:\web\framework\web\CWebApplication.php:286
Stack trace:
#0 E:\web\framework\web\CWebApplication.php(141): CWebApplication->runController('api/login')
#1 E:\web\framework\base\CApplication.php(180): CWebApplication->processRequest()
#2 E:\web\BookShareYii\index.php(13): CApplication->run()
#3 {main}
REQUEST_URI=/BookShareYii/index.php/api/login
---
2014/07/19 04:57:57 [error] [exception.CHttpException.404] exception 'CHttpException' with message 'Unable to resolve the request "api/login".' in E:\web\framework\web\CWebApplication.php:286
Stack trace:
#0 E:\web\framework\web\CWebApplication.php(141): CWebApplication->runController('api/login')
#1 E:\web\framework\base\CApplication.php(180): CWebApplication->processRequest()
#2 E:\web\BookShareYii\index.php(13): CApplication->run()
#3 {main}
REQUEST_URI=/BookShareYii/index.php/api/login
---
2014/07/19 04:57:58 [error] [exception.CHttpException.404] exception 'CHttpException' with message 'Unable to resolve the request "api/login".' in E:\web\framework\web\CWebApplication.php:286
Stack trace:
#0 E:\web\framework\web\CWebApplication.php(141): CWebApplication->runController('api/login')
#1 E:\web\framework\base\CApplication.php(180): CWebApplication->processRequest()
#2 E:\web\BookShareYii\index.php(13): CApplication->run()
#3 {main}
REQUEST_URI=/BookShareYii/index.php/api/login
---
2014/07/19 04:59:16 [error] [exception.CHttpException.404] exception 'CHttpException' with message 'Unable to resolve the request "users/phoneList".' in E:\web\framework\web\CWebApplication.php:286
Stack trace:
#0 E:\web\framework\web\CWebApplication.php(141): CWebApplication->runController('users/phoneList')
#1 E:\web\framework\base\CApplication.php(180): CWebApplication->processRequest()
#2 E:\web\BookShareYii\index.php(13): CApplication->run()
#3 {main}
REQUEST_URI=/BookShareYii/index.php/api/users
---
